
*** Running vivado
    with args -log blk_mem_gen_5.vds -m64 -product Vivado -mode batch -messageDb vivado.pb -notrace -source blk_mem_gen_5.tcl

awk: symbol lookup error: awk: undefined symbol: mpfr_z_sub

****** Vivado v2016.4 (64-bit)
  **** SW Build 1756540 on Mon Jan 23 19:11:19 MST 2017
  **** IP Build 1755317 on Mon Jan 23 20:30:07 MST 2017
    ** Copyright 1986-2016 Xilinx, Inc. All Rights Reserved.

source blk_mem_gen_5.tcl -notrace
awk: symbol lookup error: awk: undefined symbol: mpfr_z_sub
Starting RTL Elaboration : Time (s): cpu = 00:00:10 ; elapsed = 00:00:10 . Memory (MB): peak = 1058.566 ; gain = 128.086 ; free physical = 124 ; free virtual = 11579
INFO: [Synth 8-638] synthesizing module 'blk_mem_gen_5' [/home/nick/Documents/SpaceInvadersFpgaGame/space_invaders/space_invaders.srcs/sources_1/ip/blk_mem_gen_5/synth/blk_mem_gen_5.vhd:70]
INFO: [Synth 8-256] done synthesizing module 'blk_mem_gen_5' (11#1) [/home/nick/Documents/SpaceInvadersFpgaGame/space_invaders/space_invaders.srcs/sources_1/ip/blk_mem_gen_5/synth/blk_mem_gen_5.vhd:70]
Finished RTL Elaboration : Time (s): cpu = 00:01:19 ; elapsed = 00:01:20 . Memory (MB): peak = 1258.707 ; gain = 328.227 ; free physical = 133 ; free virtual = 10492
Finished RTL Optimization Phase 1 : Time (s): cpu = 00:01:19 ; elapsed = 00:01:20 . Memory (MB): peak = 1258.707 ; gain = 328.227 ; free physical = 133 ; free virtual = 10492
INFO: [Device 21-403] Loading part xc7z020clg484-1
Constraint Validation Runtime : Time (s): cpu = 00:00:00.02 ; elapsed = 00:00:00.02 . Memory (MB): peak = 1455.543 ; gain = 0.000 ; free physical = 607 ; free virtual = 10751
Finished Constraint Validation : Time (s): cpu = 00:01:34 ; elapsed = 00:02:15 . Memory (MB): peak = 1455.543 ; gain = 525.062 ; free physical = 506 ; free virtual = 10657
Finished Loading Part and Timing Information : Time (s): cpu = 00:01:34 ; elapsed = 00:02:15 . Memory (MB): peak = 1455.543 ; gain = 525.062 ; free physical = 506 ; free virtual = 10657
Finished applying 'set_property' XDC Constraints : Time (s): cpu = 00:01:34 ; elapsed = 00:02:15 . Memory (MB): peak = 1455.543 ; gain = 525.062 ; free physical = 506 ; free virtual = 10657
Finished RTL Optimization Phase 2 : Time (s): cpu = 00:01:35 ; elapsed = 00:02:16 . Memory (MB): peak = 1455.543 ; gain = 525.062 ; free physical = 502 ; free virtual = 10653
Finished Cross Boundary and Area Optimization : Time (s): cpu = 00:01:35 ; elapsed = 00:02:16 . Memory (MB): peak = 1455.543 ; gain = 525.062 ; free physical = 486 ; free virtual = 10637
Finished Applying XDC Timing Constraints : Time (s): cpu = 00:01:43 ; elapsed = 00:02:25 . Memory (MB): peak = 1455.543 ; gain = 525.062 ; free physical = 1903 ; free virtual = 12057
Finished Timing Optimization : Time (s): cpu = 00:01:43 ; elapsed = 00:02:25 . Memory (MB): peak = 1455.543 ; gain = 525.062 ; free physical = 1902 ; free virtual = 12056
Finished Technology Mapping : Time (s): cpu = 00:01:43 ; elapsed = 00:02:25 . Memory (MB): peak = 1455.543 ; gain = 525.062 ; free physical = 1893 ; free virtual = 12047
Finished IO Insertion : Time (s): cpu = 00:01:44 ; elapsed = 00:02:25 . Memory (MB): peak = 1455.543 ; gain = 525.062 ; free physical = 1893 ; free virtual = 12047
Finished Renaming Generated Instances : Time (s): cpu = 00:01:44 ; elapsed = 00:02:25 . Memory (MB): peak = 1455.543 ; gain = 525.062 ; free physical = 1893 ; free virtual = 12047
Finished Rebuilding User Hierarchy : Time (s): cpu = 00:01:44 ; elapsed = 00:02:25 . Memory (MB): peak = 1455.543 ; gain = 525.062 ; free physical = 1893 ; free virtual = 12047
Finished Renaming Generated Ports : Time (s): cpu = 00:01:44 ; elapsed = 00:02:25 . Memory (MB): peak = 1455.543 ; gain = 525.062 ; free physical = 1893 ; free virtual = 12047
Finished Handling Custom Attributes : Time (s): cpu = 00:01:44 ; elapsed = 00:02:25 . Memory (MB): peak = 1455.543 ; gain = 525.062 ; free physical = 1893 ; free virtual = 12047
Finished Renaming Generated Nets : Time (s): cpu = 00:01:44 ; elapsed = 00:02:25 . Memory (MB): peak = 1455.543 ; gain = 525.062 ; free physical = 1893 ; free virtual = 12047

Report Cell Usage: 
+------+-----------+------+
|      |Cell       |Count |
+------+-----------+------+
|1     |LUT4       |     8|
|2     |LUT6       |    16|
|3     |MUXF7      |     8|
|4     |RAMB36E1   |     1|
|5     |RAMB36E1_1 |     1|
|6     |RAMB36E1_2 |     1|
|7     |RAMB36E1_3 |     1|
|8     |RAMB36E1_4 |     1|
|9     |RAMB36E1_5 |     1|
|10    |RAMB36E1_6 |     1|
|11    |RAMB36E1_7 |     1|
|12    |FDRE       |     6|
+------+-----------+------+
Finished Writing Synthesis Report : Time (s): cpu = 00:01:44 ; elapsed = 00:02:25 . Memory (MB): peak = 1455.543 ; gain = 525.062 ; free physical = 1893 ; free virtual = 12047
synth_design: Time (s): cpu = 00:01:43 ; elapsed = 00:02:23 . Memory (MB): peak = 1455.543 ; gain = 457.559 ; free physical = 1873 ; free virtual = 12026
