
*** Running vivado
    with args -log blk_mem_gen_0.vds -m64 -product Vivado -mode batch -messageDb vivado.pb -notrace -source blk_mem_gen_0.tcl

awk: symbol lookup error: awk: undefined symbol: mpfr_z_sub

****** Vivado v2016.4 (64-bit)
  **** SW Build 1756540 on Mon Jan 23 19:11:19 MST 2017
  **** IP Build 1755317 on Mon Jan 23 20:30:07 MST 2017
    ** Copyright 1986-2016 Xilinx, Inc. All Rights Reserved.

source blk_mem_gen_0.tcl -notrace
awk: symbol lookup error: awk: undefined symbol: mpfr_z_sub
Starting RTL Elaboration : Time (s): cpu = 00:00:05 ; elapsed = 00:00:06 . Memory (MB): peak = 1058.559 ; gain = 128.086 ; free physical = 2021 ; free virtual = 13234
INFO: [Synth 8-638] synthesizing module 'blk_mem_gen_0' [/home/nick/Documents/SpaceInvadersFpgaGame/space_invaders/space_invaders.srcs/sources_1/ip/blk_mem_gen_0/synth/blk_mem_gen_0.vhd:70]
INFO: [Synth 8-256] done synthesizing module 'blk_mem_gen_0' (9#1) [/home/nick/Documents/SpaceInvadersFpgaGame/space_invaders/space_invaders.srcs/sources_1/ip/blk_mem_gen_0/synth/blk_mem_gen_0.vhd:70]
Finished RTL Elaboration : Time (s): cpu = 00:00:43 ; elapsed = 00:00:43 . Memory (MB): peak = 1257.699 ; gain = 327.227 ; free physical = 1814 ; free virtual = 13029
Finished RTL Optimization Phase 1 : Time (s): cpu = 00:00:43 ; elapsed = 00:00:43 . Memory (MB): peak = 1257.699 ; gain = 327.227 ; free physical = 1814 ; free virtual = 13029
INFO: [Device 21-403] Loading part xc7z020clg484-1
Constraint Validation Runtime : Time (s): cpu = 00:00:00.01 ; elapsed = 00:00:00.01 . Memory (MB): peak = 1406.535 ; gain = 0.000 ; free physical = 1758 ; free virtual = 12994
Finished Constraint Validation : Time (s): cpu = 00:00:51 ; elapsed = 00:01:32 . Memory (MB): peak = 1406.535 ; gain = 476.062 ; free physical = 1757 ; free virtual = 12994
Finished Loading Part and Timing Information : Time (s): cpu = 00:00:51 ; elapsed = 00:01:32 . Memory (MB): peak = 1406.535 ; gain = 476.062 ; free physical = 1757 ; free virtual = 12994
Finished applying 'set_property' XDC Constraints : Time (s): cpu = 00:00:51 ; elapsed = 00:01:32 . Memory (MB): peak = 1406.535 ; gain = 476.062 ; free physical = 1757 ; free virtual = 12994
Finished RTL Optimization Phase 2 : Time (s): cpu = 00:00:51 ; elapsed = 00:01:32 . Memory (MB): peak = 1406.535 ; gain = 476.062 ; free physical = 1751 ; free virtual = 12988
Finished Cross Boundary and Area Optimization : Time (s): cpu = 00:00:52 ; elapsed = 00:01:32 . Memory (MB): peak = 1406.535 ; gain = 476.062 ; free physical = 1751 ; free virtual = 12988
Finished Applying XDC Timing Constraints : Time (s): cpu = 00:00:58 ; elapsed = 00:01:38 . Memory (MB): peak = 1406.535 ; gain = 476.062 ; free physical = 1704 ; free virtual = 12948
Finished Timing Optimization : Time (s): cpu = 00:00:58 ; elapsed = 00:01:38 . Memory (MB): peak = 1406.535 ; gain = 476.062 ; free physical = 1703 ; free virtual = 12948
Finished Technology Mapping : Time (s): cpu = 00:00:58 ; elapsed = 00:01:38 . Memory (MB): peak = 1412.535 ; gain = 482.062 ; free physical = 1694 ; free virtual = 12939
Finished IO Insertion : Time (s): cpu = 00:00:58 ; elapsed = 00:01:39 . Memory (MB): peak = 1412.535 ; gain = 482.062 ; free physical = 1694 ; free virtual = 12939
Finished Renaming Generated Instances : Time (s): cpu = 00:00:58 ; elapsed = 00:01:39 . Memory (MB): peak = 1412.535 ; gain = 482.062 ; free physical = 1694 ; free virtual = 12939
Finished Rebuilding User Hierarchy : Time (s): cpu = 00:00:58 ; elapsed = 00:01:39 . Memory (MB): peak = 1412.535 ; gain = 482.062 ; free physical = 1694 ; free virtual = 12939
Finished Renaming Generated Ports : Time (s): cpu = 00:00:58 ; elapsed = 00:01:39 . Memory (MB): peak = 1412.535 ; gain = 482.062 ; free physical = 1694 ; free virtual = 12939
Finished Handling Custom Attributes : Time (s): cpu = 00:00:58 ; elapsed = 00:01:39 . Memory (MB): peak = 1412.535 ; gain = 482.062 ; free physical = 1694 ; free virtual = 12938
Finished Renaming Generated Nets : Time (s): cpu = 00:00:58 ; elapsed = 00:01:39 . Memory (MB): peak = 1412.535 ; gain = 482.062 ; free physical = 1694 ; free virtual = 12938

Report Cell Usage: 
+------+---------+------+
|      |Cell     |Count |
+------+---------+------+
|1     |RAMB18E1 |     1|
+------+---------+------+
Finished Writing Synthesis Report : Time (s): cpu = 00:00:58 ; elapsed = 00:01:39 . Memory (MB): peak = 1412.535 ; gain = 482.062 ; free physical = 1694 ; free virtual = 12938
synth_design: Time (s): cpu = 00:00:57 ; elapsed = 00:01:38 . Memory (MB): peak = 1431.051 ; gain = 433.074 ; free physical = 1674 ; free virtual = 12920
