
*** Running vivado
    with args -log blk_mem_gen_1.vds -m64 -product Vivado -mode batch -messageDb vivado.pb -notrace -source blk_mem_gen_1.tcl

awk: symbol lookup error: awk: undefined symbol: mpfr_z_sub

****** Vivado v2016.4 (64-bit)
  **** SW Build 1756540 on Mon Jan 23 19:11:19 MST 2017
  **** IP Build 1755317 on Mon Jan 23 20:30:07 MST 2017
    ** Copyright 1986-2016 Xilinx, Inc. All Rights Reserved.

source blk_mem_gen_1.tcl -notrace
awk: symbol lookup error: awk: undefined symbol: mpfr_z_sub
Starting RTL Elaboration : Time (s): cpu = 00:00:11 ; elapsed = 00:00:11 . Memory (MB): peak = 1058.559 ; gain = 128.086 ; free physical = 122 ; free virtual = 11623
INFO: [Synth 8-638] synthesizing module 'blk_mem_gen_1' [/home/nick/Documents/SpaceInvadersFpgaGame/space_invaders/space_invaders.srcs/sources_1/ip/blk_mem_gen_1/synth/blk_mem_gen_1.vhd:70]
INFO: [Synth 8-256] done synthesizing module 'blk_mem_gen_1' (9#1) [/home/nick/Documents/SpaceInvadersFpgaGame/space_invaders/space_invaders.srcs/sources_1/ip/blk_mem_gen_1/synth/blk_mem_gen_1.vhd:70]
Finished RTL Elaboration : Time (s): cpu = 00:01:18 ; elapsed = 00:01:19 . Memory (MB): peak = 1257.699 ; gain = 327.227 ; free physical = 135 ; free virtual = 10493
Finished RTL Optimization Phase 1 : Time (s): cpu = 00:01:18 ; elapsed = 00:01:19 . Memory (MB): peak = 1257.699 ; gain = 327.227 ; free physical = 135 ; free virtual = 10493
INFO: [Device 21-403] Loading part xc7z020clg484-1
Constraint Validation Runtime : Time (s): cpu = 00:00:00.01 ; elapsed = 00:00:00.01 . Memory (MB): peak = 1407.535 ; gain = 1.000 ; free physical = 131 ; free virtual = 10298
Finished Constraint Validation : Time (s): cpu = 00:01:31 ; elapsed = 00:02:12 . Memory (MB): peak = 1407.535 ; gain = 477.062 ; free physical = 606 ; free virtual = 10749
Finished Loading Part and Timing Information : Time (s): cpu = 00:01:31 ; elapsed = 00:02:12 . Memory (MB): peak = 1407.535 ; gain = 477.062 ; free physical = 606 ; free virtual = 10749
Finished applying 'set_property' XDC Constraints : Time (s): cpu = 00:01:31 ; elapsed = 00:02:12 . Memory (MB): peak = 1407.535 ; gain = 477.062 ; free physical = 606 ; free virtual = 10749
Finished RTL Optimization Phase 2 : Time (s): cpu = 00:01:31 ; elapsed = 00:02:12 . Memory (MB): peak = 1407.535 ; gain = 477.062 ; free physical = 599 ; free virtual = 10742
Finished Cross Boundary and Area Optimization : Time (s): cpu = 00:01:31 ; elapsed = 00:02:12 . Memory (MB): peak = 1407.535 ; gain = 477.062 ; free physical = 589 ; free virtual = 10739
Finished Applying XDC Timing Constraints : Time (s): cpu = 00:01:41 ; elapsed = 00:02:22 . Memory (MB): peak = 1407.535 ; gain = 477.062 ; free physical = 911 ; free virtual = 11063
Finished Timing Optimization : Time (s): cpu = 00:01:41 ; elapsed = 00:02:22 . Memory (MB): peak = 1407.535 ; gain = 477.062 ; free physical = 911 ; free virtual = 11063
Finished Technology Mapping : Time (s): cpu = 00:01:41 ; elapsed = 00:02:22 . Memory (MB): peak = 1411.535 ; gain = 481.062 ; free physical = 902 ; free virtual = 11054
Finished IO Insertion : Time (s): cpu = 00:01:42 ; elapsed = 00:02:23 . Memory (MB): peak = 1411.535 ; gain = 481.062 ; free physical = 888 ; free virtual = 11039
Finished Renaming Generated Instances : Time (s): cpu = 00:01:42 ; elapsed = 00:02:23 . Memory (MB): peak = 1411.535 ; gain = 481.062 ; free physical = 888 ; free virtual = 11039
Finished Rebuilding User Hierarchy : Time (s): cpu = 00:01:42 ; elapsed = 00:02:23 . Memory (MB): peak = 1411.535 ; gain = 481.062 ; free physical = 888 ; free virtual = 11039
Finished Renaming Generated Ports : Time (s): cpu = 00:01:42 ; elapsed = 00:02:23 . Memory (MB): peak = 1411.535 ; gain = 481.062 ; free physical = 888 ; free virtual = 11039
Finished Handling Custom Attributes : Time (s): cpu = 00:01:42 ; elapsed = 00:02:23 . Memory (MB): peak = 1411.535 ; gain = 481.062 ; free physical = 887 ; free virtual = 11039
Finished Renaming Generated Nets : Time (s): cpu = 00:01:42 ; elapsed = 00:02:23 . Memory (MB): peak = 1411.535 ; gain = 481.062 ; free physical = 887 ; free virtual = 11039

Report Cell Usage: 
+------+---------+------+
|      |Cell     |Count |
+------+---------+------+
|1     |RAMB18E1 |     1|
+------+---------+------+
Finished Writing Synthesis Report : Time (s): cpu = 00:01:42 ; elapsed = 00:02:23 . Memory (MB): peak = 1411.535 ; gain = 481.062 ; free physical = 887 ; free virtual = 11039
synth_design: Time (s): cpu = 00:01:40 ; elapsed = 00:02:20 . Memory (MB): peak = 1431.051 ; gain = 433.074 ; free physical = 851 ; free virtual = 11006
